SF:D:\GItHub\SimpleCustomAutomapper\CustomAutomapper\FactoryHelper.cs
FN:18,TInstance CustomAutomapper.FactoryHelper`1::get_Instance()
FNDA:0,TInstance CustomAutomapper.FactoryHelper`1::get_Instance()
DA:19,0
FN:7,System.Void CustomAutomapper.FactoryHelper`1::.cctor()
FNDA:0,System.Void CustomAutomapper.FactoryHelper`1::.cctor()
DA:8,0
DA:9,0
LF:3
LH:0
BRF:0
BRH:0
FNF:2
FNH:0
end_of_record
SF:D:\GItHub\SimpleCustomAutomapper\CustomAutomapper\MapperExtensions.cs
FN:12,TMapTo CustomAutomapper.MapperExtensions::Map(CustomAutomapper.IMapper`2<TMapFrom,TMapTo>,TMapFrom)
FNDA:0,TMapTo CustomAutomapper.MapperExtensions::Map(CustomAutomapper.IMapper`2<TMapFrom,TMapTo>,TMapFrom)
DA:13,0
DA:15,0
DA:16,0
DA:18,0
DA:20,0
DA:21,0
BRDA:15,12,0,0
BRDA:15,12,1,0
FN:28,System.Collections.Generic.IEnumerable`1<TMapTo> CustomAutomapper.MapperExtensions::Map(CustomAutomapper.IMapper`2<TMapFrom,TMapTo>,System.Collections.Generic.IEnumerable`1<TMapFrom>)
FNDA:0,System.Collections.Generic.IEnumerable`1<TMapTo> CustomAutomapper.MapperExtensions::Map(CustomAutomapper.IMapper`2<TMapFrom,TMapTo>,System.Collections.Generic.IEnumerable`1<TMapFrom>)
DA:29,0
DA:30,0
DA:31,0
DA:33,0
DA:35,0
DA:36,0
BRDA:30,15,0,0
BRDA:30,15,1,0
BRDA:31,34,0,0
BRDA:31,34,1,0
LF:12
LH:0
BRF:6
BRH:0
FNF:2
FNH:0
end_of_record
SF:D:\.nuget\microsoft.net.test.sdk\16.5.0\build\netcoreapp2.1\Microsoft.NET.Test.Sdk.Program.cs
FN:3,System.Void AutoGeneratedProgram::Main(System.String[])
FNDA:0,System.Void AutoGeneratedProgram::Main(System.String[])
DA:4,0
LF:1
LH:0
BRF:0
BRH:0
FNF:1
FNH:0
end_of_record
SF:D:\GItHub\SimpleCustomAutomapper\CustomAutomapper.Test\DemoMapperTest.cs
FN:11,System.Void CustomAutomapper.Test.DemoMapperTest::Mapper_should_map_the_values_correctly()
FNDA:0,System.Void CustomAutomapper.Test.DemoMapperTest::Mapper_should_map_the_values_correctly()
DA:12,0
DA:16,0
DA:17,0
DA:19,0
DA:21,0
DA:22,0
DA:23,0
FN:26,System.Void CustomAutomapper.Test.DemoMapperTest::Mapper_should_work_without_supplying_mapto_object()
FNDA:0,System.Void CustomAutomapper.Test.DemoMapperTest::Mapper_should_work_without_supplying_mapto_object()
DA:27,0
DA:28,0
DA:30,0
DA:32,0
DA:34,0
DA:35,0
DA:36,0
DA:37,0
FN:40,System.Void CustomAutomapper.Test.DemoMapperTest::Should_work_with_array()
FNDA:0,System.Void CustomAutomapper.Test.DemoMapperTest::Should_work_with_array()
DA:41,0
DA:42,0
DA:43,0
DA:44,0
DA:45,0
DA:47,0
DA:49,0
DA:50,0
DA:51,0
DA:53,0
FN:56,System.Void CustomAutomapper.Test.DemoMapperTest::Mapp_List_element()
FNDA:0,System.Void CustomAutomapper.Test.DemoMapperTest::Mapp_List_element()
DA:57,0
DA:58,0
DA:59,0
DA:60,0
DA:61,0
DA:62,0
DA:63,0
DA:65,0
DA:67,0
DA:68,0
DA:69,0
FN:72,System.Void CustomAutomapper.Test.DemoMapperTest::Mapp_complex_child()
FNDA:0,System.Void CustomAutomapper.Test.DemoMapperTest::Mapp_complex_child()
DA:73,0
DA:74,0
DA:76,0
DA:78,0
DA:80,0
DA:81,0
DA:82,0
FN:85,System.Void CustomAutomapper.Test.DemoMapperTest::Mapped_Complex_chile_when_null()
FNDA:0,System.Void CustomAutomapper.Test.DemoMapperTest::Mapped_Complex_chile_when_null()
DA:86,0
DA:87,0
DA:89,0
DA:91,0
DA:93,0
DA:94,0
DA:95,0
FN:98,System.Void CustomAutomapper.Test.DemoMapperTest::Mapped_Complex_chile_with_child_mapper_when_null()
FNDA:0,System.Void CustomAutomapper.Test.DemoMapperTest::Mapped_Complex_chile_with_child_mapper_when_null()
DA:99,0
DA:100,0
DA:102,0
DA:104,0
DA:106,0
DA:107,0
DA:108,0
FN:115,CustomAutomapper.Test.DestMapWithComplexChield CustomAutomapper.Test.MapperWithComplexChild::Map(CustomAutomapper.Test.SourceMapWithComplexChield,CustomAutomapper.Test.DestMapWithComplexChield)
FNDA:0,CustomAutomapper.Test.DestMapWithComplexChield CustomAutomapper.Test.MapperWithComplexChild::Map(CustomAutomapper.Test.SourceMapWithComplexChield,CustomAutomapper.Test.DestMapWithComplexChield)
DA:116,0
DA:117,0
DA:118,0
DA:119,0
DA:120,0
DA:121,0
DA:123,0
DA:124,0
BRDA:118,21,0,0
BRDA:118,36,0,0
BRDA:118,36,1,0
BRDA:118,21,1,0
FN:131,CustomAutomapper.Test.DestMapWithComplexChield CustomAutomapper.Test.MapperWithComplexChildWithChildMapper::Map(CustomAutomapper.Test.SourceMapWithComplexChield,CustomAutomapper.Test.DestMapWithComplexChield)
FNDA:0,CustomAutomapper.Test.DestMapWithComplexChield CustomAutomapper.Test.MapperWithComplexChildWithChildMapper::Map(CustomAutomapper.Test.SourceMapWithComplexChield,CustomAutomapper.Test.DestMapWithComplexChield)
DA:132,0
DA:133,0
DA:134,0
DA:136,0
DA:137,0
FN:128,System.Void CustomAutomapper.Test.MapperWithComplexChildWithChildMapper::.ctor()
FNDA:0,System.Void CustomAutomapper.Test.MapperWithComplexChildWithChildMapper::.ctor()
DA:129,0
FN:142,CustomAutomapper.Test.DestChield CustomAutomapper.Test.ChildMapper::Map(CustomAutomapper.Test.SourceChield,CustomAutomapper.Test.DestChield)
FNDA:0,CustomAutomapper.Test.DestChield CustomAutomapper.Test.ChildMapper::Map(CustomAutomapper.Test.SourceChield,CustomAutomapper.Test.DestChield)
DA:143,0
DA:144,0
DA:145,0
DA:146,0
FN:150,System.Int32 CustomAutomapper.Test.SourceMapWithComplexChield::get_Id()
FNDA:0,System.Int32 CustomAutomapper.Test.SourceMapWithComplexChield::get_Id()
DA:151,0
FN:151,CustomAutomapper.Test.SourceChield CustomAutomapper.Test.SourceMapWithComplexChield::get_Child()
FNDA:0,CustomAutomapper.Test.SourceChield CustomAutomapper.Test.SourceMapWithComplexChield::get_Child()
DA:152,0
FN:156,System.Int32 CustomAutomapper.Test.DestMapWithComplexChield::get_IdMapped()
FNDA:0,System.Int32 CustomAutomapper.Test.DestMapWithComplexChield::get_IdMapped()
DA:157,0
FN:157,CustomAutomapper.Test.DestChield CustomAutomapper.Test.DestMapWithComplexChield::get_ChildMapped()
FNDA:0,CustomAutomapper.Test.DestChield CustomAutomapper.Test.DestMapWithComplexChield::get_ChildMapped()
DA:158,0
FN:162,System.String CustomAutomapper.Test.SourceChield::get_Name()
FNDA:0,System.String CustomAutomapper.Test.SourceChield::get_Name()
DA:163,0
FN:167,System.String CustomAutomapper.Test.DestChield::get_NameMapped()
FNDA:0,System.String CustomAutomapper.Test.DestChield::get_NameMapped()
DA:168,0
LF:81
LH:0
BRF:4
BRH:0
FNF:17
FNH:0
end_of_record
SF:D:\GItHub\SimpleCustomAutomapper\CustomAutomapper.Test\Mappers\DemoMapper.cs
FN:5,CustomAutomapper.Test.SampleMapTo CustomAutomapper.Test.DemoMapper::Map(CustomAutomapper.Test.SampleMapFrom,CustomAutomapper.Test.SampleMapTo)
FNDA:0,CustomAutomapper.Test.SampleMapTo CustomAutomapper.Test.DemoMapper::Map(CustomAutomapper.Test.SampleMapFrom,CustomAutomapper.Test.SampleMapTo)
DA:6,0
DA:7,0
DA:8,0
DA:10,0
DA:11,0
LF:5
LH:0
BRF:0
BRH:0
FNF:1
FNH:0
end_of_record
SF:D:\GItHub\SimpleCustomAutomapper\CustomAutomapper.Test\SampleMapFrom.cs
FN:4,System.Int32 CustomAutomapper.Test.SampleMapFrom::get_Id()
FNDA:0,System.Int32 CustomAutomapper.Test.SampleMapFrom::get_Id()
DA:5,0
FN:5,System.String CustomAutomapper.Test.SampleMapFrom::get_Name()
FNDA:0,System.String CustomAutomapper.Test.SampleMapFrom::get_Name()
DA:6,0
LF:2
LH:0
BRF:0
BRH:0
FNF:2
FNH:0
end_of_record
SF:D:\GItHub\SimpleCustomAutomapper\CustomAutomapper.Test\SampleMapTo.cs
FN:4,System.Int32 CustomAutomapper.Test.SampleMapTo::get_MapedID()
FNDA:0,System.Int32 CustomAutomapper.Test.SampleMapTo::get_MapedID()
DA:5,0
FN:5,System.String CustomAutomapper.Test.SampleMapTo::get_MapedName()
FNDA:0,System.String CustomAutomapper.Test.SampleMapTo::get_MapedName()
DA:6,0
LF:2
LH:0
BRF:0
BRH:0
FNF:2
FNH:0
end_of_record
SF:D:\GItHub\SimpleCustomAutomapper\CustomAutomapper\FactoryHelper.cs
FN:18,TInstance SimpleObjectMapper.FactoryHelper`1::get_Instance()
FNDA:10,TInstance SimpleObjectMapper.FactoryHelper`1::get_Instance()
DA:19,10
FN:7,System.Void SimpleObjectMapper.FactoryHelper`1::.cctor()
FNDA:2,System.Void SimpleObjectMapper.FactoryHelper`1::.cctor()
DA:8,2
DA:9,2
LF:3
LH:3
BRF:0
BRH:0
FNF:2
FNH:2
end_of_record
SF:D:\GItHub\SimpleCustomAutomapper\CustomAutomapper\MapperExtensions.cs
FN:12,TMapTo SimpleObjectMapper.MapperExtensions::Map(SimpleObjectMapper.IMapper`2<TMapFrom,TMapTo>,TMapFrom)
FNDA:11,TMapTo SimpleObjectMapper.MapperExtensions::Map(SimpleObjectMapper.IMapper`2<TMapFrom,TMapTo>,TMapFrom)
DA:13,11
DA:15,11
DA:16,1
DA:18,10
DA:20,10
DA:21,11
BRDA:15,12,0,1
BRDA:15,12,1,10
FN:28,System.Collections.Generic.IEnumerable`1<TMapTo> SimpleObjectMapper.MapperExtensions::Map(SimpleObjectMapper.IMapper`2<TMapFrom,TMapTo>,System.Collections.Generic.IEnumerable`1<TMapFrom>)
FNDA:2,System.Collections.Generic.IEnumerable`1<TMapTo> SimpleObjectMapper.MapperExtensions::Map(SimpleObjectMapper.IMapper`2<TMapFrom,TMapTo>,System.Collections.Generic.IEnumerable`1<TMapFrom>)
DA:29,2
DA:30,2
DA:31,2
DA:33,8
DA:35,2
DA:36,2
BRDA:30,15,0,0
BRDA:30,15,1,2
BRDA:31,34,0,0
BRDA:31,34,1,2
LF:12
LH:12
BRF:6
BRH:4
FNF:2
FNH:2
end_of_record